Base path: C:/Program Files/Unity/Editor/Data
Pipe name: \\.\pipe\UnityShaderCompiler-64bit-1-7292
Cmd: getPlatforms
Cmd: compileSnippet
  api=4 type=0 insize=9591 outsize=10634 kw= ok=1
Cmd: compileSnippet
  api=4 type=1 insize=9591 outsize=2533 kw= ok=1
Cmd: preprocess
  insize=1099 outsize=1373 ok=1
Cmd: compileSnippet
  api=4 type=0 insize=7387 outsize=4093 kw=DIRECTIONAL LIGHTMAP_OFF DIRLIGHTMAP_OFF DYNAMICLIGHTMAP_OFF ok=1
Cmd: compileSnippet
  api=4 type=1 insize=7387 outsize=2704 kw=DIRECTIONAL LIGHTMAP_OFF DIRLIGHTMAP_OFF DYNAMICLIGHTMAP_OFF ok=1
Cmd: compileSnippet
  api=4 type=0 insize=3951 outsize=2753 kw=POINT ok=1
Cmd: compileSnippet
  api=4 type=1 insize=3951 outsize=2866 kw=POINT ok=1
Cmd: compileSnippet
  api=4 type=0 insize=3476 outsize=3793 kw= ok=1
Cmd: compileSnippet
  api=4 type=1 insize=3476 outsize=2574 kw= ok=1
Cmd: preprocess
  insize=1013 outsize=1806 ok=1
Cmd: compileSnippet
  api=4 type=0 insize=7445 outsize=4093 kw=DIRECTIONAL SHADOWS_OFF LIGHTMAP_OFF DIRLIGHTMAP_OFF DYNAMICLIGHTMAP_OFF ok=1
Cmd: compileSnippet
  api=4 type=1 insize=7445 outsize=2696 kw=DIRECTIONAL SHADOWS_OFF LIGHTMAP_OFF DIRLIGHTMAP_OFF DYNAMICLIGHTMAP_OFF ok=1
Cmd: compileSnippet
  api=4 type=0 insize=4008 outsize=2753 kw=POINT ok=1
Cmd: compileSnippet
  api=4 type=1 insize=4008 outsize=2858 kw=POINT ok=1
Cmd: compileSnippet
  api=4 type=0 insize=3080 outsize=2533 kw= ok=1
Cmd: compileSnippet
  api=4 type=1 insize=3080 outsize=738 kw= ok=1
Cmd: compileSnippet
  api=4 type=0 insize=6475 outsize=4475 kw=LIGHTMAP_OFF DIRLIGHTMAP_OFF DYNAMICLIGHTMAP_OFF HDR_LIGHT_PREPASS_OFF ok=1
Cmd: compileSnippet
  api=4 type=1 insize=6475 outsize=1964 kw=LIGHTMAP_OFF DIRLIGHTMAP_OFF DYNAMICLIGHTMAP_OFF HDR_LIGHT_PREPASS_OFF ok=1
Cmd: compileSnippet
  api=4 type=0 insize=6509 outsize=4231 kw=LIGHTMAP_OFF DIRLIGHTMAP_OFF DYNAMICLIGHTMAP_OFF HDR_LIGHT_PREPASS_OFF ok=1
Cmd: compileSnippet
  api=4 type=1 insize=6509 outsize=2078 kw=LIGHTMAP_OFF DIRLIGHTMAP_OFF DYNAMICLIGHTMAP_OFF HDR_LIGHT_PREPASS_OFF ok=1
Cmd: compileSnippet
  api=4 type=0 insize=3449 outsize=3793 kw= ok=1
Cmd: compileSnippet
  api=4 type=1 insize=3449 outsize=2574 kw= ok=1
Cmd: preprocess
  insize=880 outsize=1230 ok=1
Cmd: compileSnippet
  api=4 type=0 insize=7181 outsize=4093 kw=DIRECTIONAL LIGHTMAP_OFF DIRLIGHTMAP_OFF DYNAMICLIGHTMAP_OFF ok=1
Cmd: compileSnippet
  api=4 type=1 insize=7181 outsize=1656 kw=DIRECTIONAL LIGHTMAP_OFF DIRLIGHTMAP_OFF DYNAMICLIGHTMAP_OFF ok=1
Cmd: compileSnippet
  api=4 type=0 insize=3787 outsize=2753 kw=POINT ok=1
Cmd: compileSnippet
  api=4 type=1 insize=3787 outsize=1948 kw=POINT ok=1
Cmd: compileSnippet
  api=4 type=0 insize=3398 outsize=3793 kw= ok=1
Cmd: compileSnippet
  api=4 type=1 insize=3398 outsize=2517 kw= ok=1
Cmd: compileSnippet
  api=4 type=0 insize=751 outsize=3533 kw=SHADOWS_DEPTH ok=1
Cmd: compileSnippet
  api=4 type=1 insize=751 outsize=380 kw=SHADOWS_DEPTH ok=1
Cmd: compileSnippet
  api=4 type=0 insize=977 outsize=4638 kw=DIRECTIONAL SHADOWS_OFF LIGHTMAP_OFF DIRLIGHTMAP_OFF DYNAMICLIGHTMAP_OFF _NORMALMAP ok=1
Cmd: compileSnippet
  api=4 type=1 insize=977 outsize=11292 kw=DIRECTIONAL SHADOWS_OFF LIGHTMAP_OFF DIRLIGHTMAP_OFF DYNAMICLIGHTMAP_OFF _NORMALMAP ok=1
Cmd: compileSnippet
  api=4 type=0 insize=541 outsize=3533 kw=SHADOWS_DEPTH ok=1
Cmd: compileSnippet
  api=4 type=1 insize=541 outsize=453 kw=SHADOWS_DEPTH ok=1
Cmd: compileSnippet
  api=4 type=0 insize=6810 outsize=3663 kw=DIRECTIONAL SHADOWS_OFF LIGHTMAP_OFF DIRLIGHTMAP_OFF DYNAMICLIGHTMAP_OFF ok=1
Cmd: compileSnippet
  api=4 type=1 insize=6810 outsize=1314 kw=DIRECTIONAL SHADOWS_OFF LIGHTMAP_OFF DIRLIGHTMAP_OFF DYNAMICLIGHTMAP_OFF ok=1
Cmd: compileSnippet
  api=4 type=0 insize=934 outsize=4036 kw=DIRECTIONAL SHADOWS_OFF _NORMALMAP ok=1
Cmd: compileSnippet
  api=4 type=1 insize=934 outsize=6141 kw=DIRECTIONAL SHADOWS_OFF _NORMALMAP ok=1
Cmd: compileSnippet
  api=4 type=0 insize=3647 outsize=2753 kw=DIRECTIONAL ok=1
Cmd: compileSnippet
  api=4 type=1 insize=3647 outsize=1168 kw=DIRECTIONAL ok=1
Cmd: compileSnippet
  api=4 type=0 insize=751 outsize=3776 kw=SHADOWS_DEPTH _ALPHABLEND_ON ok=1
Cmd: compileSnippet
  api=4 type=1 insize=751 outsize=1233 kw=SHADOWS_DEPTH _ALPHABLEND_ON ok=1
Cmd: compileSnippet
  api=4 type=0 insize=977 outsize=3979 kw=DIRECTIONAL SHADOWS_OFF LIGHTMAP_OFF DIRLIGHTMAP_OFF DYNAMICLIGHTMAP_OFF _ALPHABLEND_ON ok=1
Cmd: compileSnippet
  api=4 type=1 insize=977 outsize=10471 kw=DIRECTIONAL SHADOWS_OFF LIGHTMAP_OFF DIRLIGHTMAP_OFF DYNAMICLIGHTMAP_OFF _ALPHABLEND_ON ok=1
Cmd: compileSnippet
  api=4 type=0 insize=934 outsize=4036 kw=DIRECTIONAL SHADOWS_OFF _ALPHABLEND_ON ok=1
Cmd: compileSnippet
  api=4 type=1 insize=934 outsize=5466 kw=DIRECTIONAL SHADOWS_OFF _ALPHABLEND_ON ok=1
Cmd: compileSnippet
  api=4 type=0 insize=1642 outsize=1290 kw=SOFTPARTICLES_OFF ok=1
Cmd: compileSnippet
  api=4 type=1 insize=1642 outsize=924 kw=SOFTPARTICLES_OFF ok=1
Cmd: compileSnippet
  api=4 type=0 insize=1705 outsize=1290 kw=SOFTPARTICLES_OFF ok=1
Cmd: compileSnippet
  api=4 type=1 insize=1705 outsize=924 kw=SOFTPARTICLES_OFF ok=1
Cmd: compileSnippet
  api=4 type=0 insize=1738 outsize=1290 kw=SOFTPARTICLES_OFF ok=1
Cmd: compileSnippet
  api=4 type=1 insize=1738 outsize=965 kw=SOFTPARTICLES_OFF ok=1
Cmd: compileSnippet
  api=4 type=0 insize=797 outsize=3776 kw=SHADOWS_DEPTH ok=1
Cmd: compileSnippet
  api=4 type=1 insize=797 outsize=908 kw=SHADOWS_DEPTH ok=1
Cmd: compileSnippet
  api=4 type=0 insize=6862 outsize=3663 kw=DIRECTIONAL SHADOWS_OFF LIGHTMAP_OFF DIRLIGHTMAP_OFF DYNAMICLIGHTMAP_OFF ok=1
Cmd: compileSnippet
  api=4 type=1 insize=6862 outsize=1493 kw=DIRECTIONAL SHADOWS_OFF LIGHTMAP_OFF DIRLIGHTMAP_OFF DYNAMICLIGHTMAP_OFF ok=1
Cmd: compileSnippet
  api=4 type=0 insize=3686 outsize=2753 kw=DIRECTIONAL ok=1
Cmd: compileSnippet
  api=4 type=1 insize=3686 outsize=1347 kw=DIRECTIONAL ok=1
Cmd: compileSnippet
  api=4 type=0 insize=1319 outsize=13681 kw=SHADOWS_DEPTH GEOM_TYPE_BRANCH ok=1
Cmd: compileSnippet
  api=4 type=1 insize=1319 outsize=453 kw=SHADOWS_DEPTH GEOM_TYPE_BRANCH ok=1
Cmd: compileSnippet
  api=4 type=0 insize=634781 outsize=13299 kw=DIRECTIONAL SHADOWS_OFF LIGHTMAP_OFF DIRLIGHTMAP_OFF DYNAMICLIGHTMAP_OFF GEOM_TYPE_BRANCH ok=1
Cmd: compileSnippet
  api=4 type=1 insize=634781 outsize=1713 kw=DIRECTIONAL SHADOWS_OFF LIGHTMAP_OFF DIRLIGHTMAP_OFF DYNAMICLIGHTMAP_OFF GEOM_TYPE_BRANCH ok=1
Cmd: compileSnippet
  api=4 type=0 insize=408937 outsize=12681 kw=DIRECTIONAL GEOM_TYPE_BRANCH ok=1
Cmd: compileSnippet
  api=4 type=1 insize=408937 outsize=1233 kw=DIRECTIONAL GEOM_TYPE_BRANCH ok=1
Cmd: compileSnippet
  api=4 type=0 insize=634781 outsize=14420 kw=DIRECTIONAL SHADOWS_OFF LIGHTMAP_OFF DIRLIGHTMAP_OFF DYNAMICLIGHTMAP_OFF GEOM_TYPE_BRANCH EFFECT_BUMP ok=1
Cmd: compileSnippet
  api=4 type=1 insize=634781 outsize=2411 kw=DIRECTIONAL SHADOWS_OFF LIGHTMAP_OFF DIRLIGHTMAP_OFF DYNAMICLIGHTMAP_OFF GEOM_TYPE_BRANCH EFFECT_BUMP ok=1
Cmd: compileSnippet
  api=4 type=0 insize=408937 outsize=13794 kw=DIRECTIONAL GEOM_TYPE_BRANCH EFFECT_BUMP ok=1
Cmd: compileSnippet
  api=4 type=1 insize=408937 outsize=2021 kw=DIRECTIONAL GEOM_TYPE_BRANCH EFFECT_BUMP ok=1
Cmd: compileSnippet
  api=4 type=0 insize=634781 outsize=13599 kw=DIRECTIONAL SHADOWS_OFF LIGHTMAP_OFF DIRLIGHTMAP_OFF DYNAMICLIGHTMAP_OFF GEOM_TYPE_BRANCH EFFECT_HUE_VARIATION ok=1
Cmd: compileSnippet
  api=4 type=1 insize=634781 outsize=2273 kw=DIRECTIONAL SHADOWS_OFF LIGHTMAP_OFF DIRLIGHTMAP_OFF DYNAMICLIGHTMAP_OFF GEOM_TYPE_BRANCH EFFECT_HUE_VARIATION ok=1
Cmd: compileSnippet
  api=4 type=0 insize=408937 outsize=12982 kw=DIRECTIONAL GEOM_TYPE_BRANCH EFFECT_HUE_VARIATION ok=1
Cmd: compileSnippet
  api=4 type=1 insize=408937 outsize=1794 kw=DIRECTIONAL GEOM_TYPE_BRANCH EFFECT_HUE_VARIATION ok=1
Cmd: compileSnippet
  api=4 type=0 insize=751 outsize=3776 kw=SHADOWS_DEPTH _ALPHATEST_ON ok=1
Cmd: compileSnippet
  api=4 type=1 insize=751 outsize=835 kw=SHADOWS_DEPTH _ALPHATEST_ON ok=1
Cmd: compileSnippet
  api=4 type=0 insize=982 outsize=3979 kw=DIRECTIONAL SHADOWS_OFF LIGHTMAP_OFF DIRLIGHTMAP_OFF DYNAMICLIGHTMAP_OFF _ALPHATEST_ON ok=1
Cmd: compileSnippet
  api=4 type=1 insize=982 outsize=10739 kw=DIRECTIONAL SHADOWS_OFF LIGHTMAP_OFF DIRLIGHTMAP_OFF DYNAMICLIGHTMAP_OFF _ALPHATEST_ON ok=1
Cmd: compileSnippet
  api=4 type=0 insize=938 outsize=4036 kw=DIRECTIONAL SHADOWS_OFF _ALPHATEST_ON ok=1
Cmd: compileSnippet
  api=4 type=1 insize=938 outsize=5718 kw=DIRECTIONAL SHADOWS_OFF _ALPHATEST_ON ok=1
Cmd: compileSnippet
  api=4 type=0 insize=751 outsize=3776 kw=SHADOWS_DEPTH _ALPHABLEND_ON ok=1
Cmd: compileSnippet
  api=4 type=1 insize=751 outsize=1233 kw=SHADOWS_DEPTH _ALPHABLEND_ON ok=1
Cmd: compileSnippet
  api=4 type=0 insize=982 outsize=3979 kw=DIRECTIONAL SHADOWS_OFF LIGHTMAP_OFF DIRLIGHTMAP_OFF DYNAMICLIGHTMAP_OFF _ALPHABLEND_ON ok=1
Cmd: compileSnippet
  api=4 type=1 insize=982 outsize=10585 kw=DIRECTIONAL SHADOWS_OFF LIGHTMAP_OFF DIRLIGHTMAP_OFF DYNAMICLIGHTMAP_OFF _ALPHABLEND_ON ok=1
Cmd: compileSnippet
  api=4 type=0 insize=938 outsize=4036 kw=DIRECTIONAL SHADOWS_OFF _ALPHABLEND_ON ok=1
Cmd: compileSnippet
  api=4 type=1 insize=938 outsize=5539 kw=DIRECTIONAL SHADOWS_OFF _ALPHABLEND_ON ok=1
Cmd: compileSnippet
  api=4 type=0 insize=1934 outsize=1956 kw=DIRECTIONAL SHADOWS_OFF ok=1
Cmd: compileSnippet
  api=4 type=1 insize=1934 outsize=6189 kw=DIRECTIONAL SHADOWS_OFF ok=1
Cmd: compileSnippet
  api=4 type=0 insize=683 outsize=1006 kw= ok=1
Cmd: compileSnippet
  api=4 type=1 insize=683 outsize=721 kw= ok=1
Cmd: compileSnippet
  api=4 type=0 insize=1275 outsize=1956 kw=DIRECTIONAL SHADOWS_OFF ok=1
Cmd: compileSnippet
  api=4 type=1 insize=1275 outsize=3955 kw=DIRECTIONAL SHADOWS_OFF ok=1
Cmd: compileSnippet
  api=1 type=0 insize=982 outsize=842 kw=DIRECTIONAL SHADOWS_OFF LIGHTMAP_OFF DIRLIGHTMAP_OFF DYNAMICLIGHTMAP_OFF ok=1
Cmd: compileSnippet
  api=1 type=0 insize=982 outsize=1336 kw=DIRECTIONAL SHADOWS_OFF LIGHTMAP_OFF DIRLIGHTMAP_OFF DYNAMICLIGHTMAP_OFF VERTEXLIGHT_ON ok=1
Cmd: compileSnippet
  api=4 type=0 insize=982 outsize=5393 kw=DIRECTIONAL SHADOWS_OFF LIGHTMAP_OFF DIRLIGHTMAP_OFF DYNAMICLIGHTMAP_OFF VERTEXLIGHT_ON ok=1
Cmd: compileSnippet
  api=4 type=0 insize=982 outsize=5751 kw=DIRECTIONAL SHADOWS_SCREEN LIGHTMAP_OFF DIRLIGHTMAP_OFF DYNAMICLIGHTMAP_OFF VERTEXLIGHT_ON ok=1
Cmd: compileSnippet
  api=1 type=0 insize=982 outsize=1336 kw=DIRECTIONAL SHADOWS_OFF LIGHTMAP_OFF DIRLIGHTMAP_OFF DYNAMICLIGHTMAP_OFF VERTEXLIGHT_ON _ALPHABLEND_ON ok=1
Cmd: compileSnippet
  api=1 type=1 insize=982 outsize=3721 kw=DIRECTIONAL SHADOWS_OFF LIGHTMAP_OFF DIRLIGHTMAP_OFF DYNAMICLIGHTMAP_OFF ok=1
Cmd: compileSnippet
  api=1 type=0 insize=938 outsize=901 kw=POINT SHADOWS_OFF ok=1
Cmd: compileSnippet
  api=4 type=0 insize=938 outsize=4727 kw=SPOT SHADOWS_OFF ok=1
Cmd: compileSnippet
  api=4 type=0 insize=938 outsize=5141 kw=SPOT SHADOWS_DEPTH SHADOWS_NATIVE ok=1
Cmd: compileSnippet
  api=1 type=0 insize=938 outsize=943 kw=POINT SHADOWS_CUBE ok=1
Cmd: compileSnippet
  api=4 type=0 insize=938 outsize=4873 kw=POINT_COOKIE SHADOWS_CUBE ok=1
Cmd: compileSnippet
  api=1 type=0 insize=938 outsize=943 kw=POINT_COOKIE SHADOWS_CUBE SHADOWS_SOFT ok=1
Cmd: compileSnippet
  api=1 type=0 insize=938 outsize=808 kw=DIRECTIONAL SHADOWS_OFF _ALPHABLEND_ON ok=1
Cmd: compileSnippet
  api=1 type=0 insize=938 outsize=915 kw=SPOT SHADOWS_OFF _ALPHABLEND_ON ok=1
Cmd: compileSnippet
  api=1 type=0 insize=938 outsize=882 kw=DIRECTIONAL_COOKIE SHADOWS_OFF _ALPHABLEND_ON ok=1
Cmd: compileSnippet
  api=1 type=0 insize=938 outsize=977 kw=DIRECTIONAL SHADOWS_SCREEN _ALPHABLEND_ON ok=1
Cmd: compileSnippet
  api=1 type=0 insize=938 outsize=943 kw=POINT SHADOWS_CUBE _ALPHABLEND_ON ok=1
Cmd: compileSnippet
  api=4 type=0 insize=938 outsize=4873 kw=POINT_COOKIE SHADOWS_CUBE _ALPHABLEND_ON ok=1
Cmd: compileSnippet
  api=1 type=0 insize=938 outsize=943 kw=POINT_COOKIE SHADOWS_CUBE SHADOWS_SOFT _ALPHABLEND_ON ok=1
Cmd: compileSnippet
  api=1 type=1 insize=938 outsize=2142 kw=POINT SHADOWS_OFF ok=1
Cmd: compileSnippet
  api=1 type=1 insize=938 outsize=2192 kw=POINT_COOKIE SHADOWS_OFF ok=1
Cmd: compileSnippet
  api=1 type=1 insize=938 outsize=2370 kw=SPOT SHADOWS_DEPTH SHADOWS_NATIVE ok=1
Cmd: compileSnippet
  api=4 type=1 insize=938 outsize=6084 kw=DIRECTIONAL_COOKIE SHADOWS_SCREEN ok=1
Cmd: compileSnippet
  api=1 type=1 insize=938 outsize=2412 kw=POINT_COOKIE SHADOWS_CUBE ok=1
Cmd: compileSnippet
  api=4 type=1 insize=938 outsize=7489 kw=POINT SHADOWS_CUBE SHADOWS_SOFT ok=1
Cmd: compileSnippet
  api=1 type=1 insize=938 outsize=2143 kw=POINT SHADOWS_OFF _ALPHABLEND_ON ok=1
Cmd: compileSnippet
  api=1 type=1 insize=938 outsize=2262 kw=SPOT SHADOWS_OFF _ALPHABLEND_ON ok=1
Cmd: compileSnippet
  api=1 type=1 insize=938 outsize=2396 kw=SPOT SHADOWS_DEPTH SHADOWS_NATIVE _ALPHABLEND_ON ok=1
Cmd: compileSnippet
  api=1 type=1 insize=938 outsize=2204 kw=DIRECTIONAL_COOKIE SHADOWS_SCREEN _ALPHABLEND_ON ok=1
Cmd: compileSnippet
  api=4 type=1 insize=938 outsize=6669 kw=POINT SHADOWS_CUBE _ALPHABLEND_ON ok=1
Cmd: compileSnippet
  api=4 type=1 insize=938 outsize=7684 kw=SPOT SHADOWS_DEPTH SHADOWS_SOFT SHADOWS_NATIVE _ALPHABLEND_ON ok=1
Cmd: compileSnippet
  api=1 type=0 insize=751 outsize=814 kw=SHADOWS_DEPTH ok=1
Cmd: compileSnippet
  api=1 type=1 insize=751 outsize=65 kw=SHADOWS_DEPTH ok=1
Cmd: compileSnippet
  api=1 type=1 insize=751 outsize=331 kw=SHADOWS_CUBE _ALPHABLEND_ON ok=1
Cmd: compileSnippet
  api=1 type=0 insize=1152 outsize=842 kw=LIGHTMAP_OFF DIRLIGHTMAP_OFF DYNAMICLIGHTMAP_OFF ok=1
Cmd: compileSnippet
  api=1 type=0 insize=1152 outsize=842 kw=LIGHTMAP_OFF DIRLIGHTMAP_OFF DYNAMICLIGHTMAP_OFF UNITY_HDR_ON ok=1
Cmd: compileSnippet
  api=1 type=1 insize=1152 outsize=2392 kw=LIGHTMAP_OFF DIRLIGHTMAP_OFF DYNAMICLIGHTMAP_OFF ok=1
Cmd: compileSnippet
  api=4 type=1 insize=1152 outsize=7806 kw=LIGHTMAP_OFF DIRLIGHTMAP_OFF DYNAMICLIGHTMAP_OFF UNITY_HDR_ON _ALPHABLEND_ON ok=1
Cmd: compileSnippet
  api=1 type=0 insize=886 outsize=851 kw=DIRECTIONAL SHADOWS_OFF LIGHTMAP_OFF DIRLIGHTMAP_OFF DYNAMICLIGHTMAP_OFF ok=1
Cmd: compileSnippet
  api=4 type=0 insize=886 outsize=4670 kw=DIRECTIONAL SHADOWS_SCREEN LIGHTMAP_OFF DIRLIGHTMAP_OFF DYNAMICLIGHTMAP_OFF ok=1
Cmd: compileSnippet
  api=1 type=0 insize=886 outsize=1473 kw=DIRECTIONAL SHADOWS_SCREEN LIGHTMAP_OFF DIRLIGHTMAP_OFF DYNAMICLIGHTMAP_OFF VERTEXLIGHT_ON ok=1
Cmd: compileSnippet
  api=8 type=0 insize=886 outsize=9709 kw=DIRECTIONAL SHADOWS_SCREEN SHADOWS_NATIVE LIGHTMAP_OFF DIRLIGHTMAP_OFF DYNAMICLIGHTMAP_OFF VERTEXLIGHT_ON ok=1
Cmd: compileSnippet
  api=4 type=0 insize=886 outsize=5726 kw=DIRECTIONAL SHADOWS_OFF LIGHTMAP_OFF DIRLIGHTMAP_OFF DYNAMICLIGHTMAP_OFF VERTEXLIGHT_ON _ALPHABLEND_ON ok=1
Cmd: compileSnippet
  api=8 type=0 insize=886 outsize=7402 kw=DIRECTIONAL SHADOWS_SCREEN SHADOWS_NATIVE LIGHTMAP_OFF DIRLIGHTMAP_OFF DYNAMICLIGHTMAP_OFF _ALPHABLEND_ON ok=1
Cmd: compileSnippet
  api=1 type=1 insize=886 outsize=1126 kw=DIRECTIONAL SHADOWS_OFF LIGHTMAP_OFF DIRLIGHTMAP_OFF DYNAMICLIGHTMAP_OFF ok=1
Cmd: compileSnippet
  api=4 type=1 insize=886 outsize=4337 kw=DIRECTIONAL SHADOWS_SCREEN LIGHTMAP_OFF DIRLIGHTMAP_OFF DYNAMICLIGHTMAP_OFF ok=1
Cmd: compileSnippet
  api=8 type=1 insize=886 outsize=5866 kw=DIRECTIONAL SHADOWS_OFF LIGHTMAP_OFF DIRLIGHTMAP_OFF DYNAMICLIGHTMAP_OFF _ALPHABLEND_ON ok=1
Cmd: compileSnippet
  api=1 type=0 insize=816 outsize=871 kw=POINT SHADOWS_OFF ok=1
Cmd: compileSnippet
  api=4 type=0 insize=816 outsize=4191 kw=DIRECTIONAL SHADOWS_OFF ok=1
Cmd: compileSnippet
  api=8 type=0 insize=816 outsize=7288 kw=SPOT SHADOWS_OFF ok=1
Cmd: compileSnippet
  api=4 type=0 insize=816 outsize=4881 kw=DIRECTIONAL_COOKIE SHADOWS_OFF ok=1
Cmd: compileSnippet
  api=1 type=0 insize=816 outsize=929 kw=DIRECTIONAL SHADOWS_SCREEN ok=1
Cmd: compileSnippet
  api=4 type=0 insize=816 outsize=5239 kw=DIRECTIONAL_COOKIE SHADOWS_SCREEN ok=1
Cmd: compileSnippet
  api=8 type=0 insize=816 outsize=7467 kw=POINT SHADOWS_CUBE ok=1
Cmd: compileSnippet
  api=8 type=0 insize=816 outsize=7703 kw=DIRECTIONAL_COOKIE SHADOWS_SCREEN SHADOWS_NATIVE ok=1
Cmd: compileSnippet
  api=4 type=0 insize=816 outsize=4191 kw=DIRECTIONAL SHADOWS_OFF _ALPHABLEND_ON ok=1
Cmd: compileSnippet
  api=8 type=0 insize=816 outsize=7288 kw=SPOT SHADOWS_OFF _ALPHABLEND_ON ok=1
Cmd: compileSnippet
  api=4 type=0 insize=816 outsize=4881 kw=DIRECTIONAL_COOKIE SHADOWS_OFF _ALPHABLEND_ON ok=1
Cmd: compileSnippet
  api=8 type=0 insize=816 outsize=7881 kw=SPOT SHADOWS_DEPTH SHADOWS_NATIVE _ALPHABLEND_ON ok=1
Cmd: compileSnippet
  api=4 type=0 insize=816 outsize=5182 kw=POINT SHADOWS_CUBE _ALPHABLEND_ON ok=1
Cmd: compileSnippet
  api=8 type=0 insize=816 outsize=7467 kw=POINT_COOKIE SHADOWS_CUBE _ALPHABLEND_ON ok=1
Cmd: compileSnippet
  api=1 type=1 insize=816 outsize=787 kw=POINT SHADOWS_OFF ok=1
Cmd: compileSnippet
  api=8 type=1 insize=816 outsize=3892 kw=DIRECTIONAL SHADOWS_OFF ok=1
Cmd: compileSnippet
  api=4 type=1 insize=816 outsize=3086 kw=POINT_COOKIE SHADOWS_OFF ok=1
Cmd: compileSnippet
  api=4 type=1 insize=816 outsize=2842 kw=DIRECTIONAL_COOKIE SHADOWS_OFF ok=1
Cmd: compileSnippet
  api=4 type=1 insize=816 outsize=3914 kw=SPOT SHADOWS_DEPTH SHADOWS_NATIVE ok=1
Cmd: compileSnippet
  api=1 type=1 insize=816 outsize=850 kw=DIRECTIONAL_COOKIE SHADOWS_SCREEN ok=1
Cmd: compileSnippet
  api=8 type=1 insize=816 outsize=5460 kw=POINT SHADOWS_CUBE ok=1
Cmd: compileSnippet
  api=8 type=1 insize=816 outsize=4989 kw=DIRECTIONAL_COOKIE SHADOWS_SCREEN SHADOWS_NATIVE ok=1
Cmd: compileSnippet
  api=1 type=1 insize=816 outsize=720 kw=DIRECTIONAL SHADOWS_OFF _ALPHABLEND_ON ok=1
Cmd: compileSnippet
  api=1 type=1 insize=816 outsize=945 kw=SPOT SHADOWS_OFF _ALPHABLEND_ON ok=1
Cmd: compileSnippet
  api=4 type=1 insize=816 outsize=3110 kw=POINT_COOKIE SHADOWS_OFF _ALPHABLEND_ON ok=1
Cmd: compileSnippet
  api=8 type=1 insize=816 outsize=4306 kw=DIRECTIONAL_COOKIE SHADOWS_OFF _ALPHABLEND_ON ok=1
Cmd: compileSnippet
  api=1 type=1 insize=816 outsize=805 kw=DIRECTIONAL SHADOWS_SCREEN _ALPHABLEND_ON ok=1
Cmd: compileSnippet
  api=4 type=1 insize=816 outsize=3183 kw=DIRECTIONAL_COOKIE SHADOWS_SCREEN _ALPHABLEND_ON ok=1
Cmd: compileSnippet
  api=1 type=1 insize=816 outsize=1050 kw=POINT_COOKIE SHADOWS_CUBE _ALPHABLEND_ON ok=1
Cmd: compileSnippet
  api=1 type=0 insize=600 outsize=832 kw=SHADOWS_DEPTH ok=1
Cmd: compileSnippet
  api=8 type=0 insize=600 outsize=2056 kw=SHADOWS_CUBE ok=1
Cmd: compileSnippet
  api=1 type=0 insize=600 outsize=216 kw=SHADOWS_CUBE _ALPHABLEND_ON ok=1
Cmd: compileSnippet
  api=8 type=0 insize=600 outsize=2364 kw=SHADOWS_CUBE _ALPHABLEND_ON ok=1
Cmd: compileSnippet
  api=1 type=1 insize=600 outsize=67 kw=SHADOWS_DEPTH ok=1
Cmd: compileSnippet
  api=4 type=1 insize=600 outsize=624 kw=SHADOWS_CUBE ok=1
Cmd: compileSnippet
  api=8 type=1 insize=600 outsize=1251 kw=SHADOWS_DEPTH _ALPHABLEND_ON ok=1
Cmd: compileSnippet
  api=1 type=0 insize=541 outsize=832 kw=SHADOWS_DEPTH ok=1
Cmd: compileSnippet
  api=1 type=1 insize=541 outsize=61 kw=SHADOWS_DEPTH ok=1
Cmd: compileSnippet
  api=1 type=0 insize=6810 outsize=580 kw=DIRECTIONAL SHADOWS_OFF LIGHTMAP_OFF DIRLIGHTMAP_OFF DYNAMICLIGHTMAP_OFF ok=1
Cmd: compileSnippet
  api=1 type=0 insize=6810 outsize=1087 kw=DIRECTIONAL SHADOWS_OFF LIGHTMAP_OFF DIRLIGHTMAP_OFF DYNAMICLIGHTMAP_OFF VERTEXLIGHT_ON ok=1
Cmd: compileSnippet
  api=4 type=0 insize=6810 outsize=5507 kw=DIRECTIONAL SHADOWS_SCREEN LIGHTMAP_OFF DIRLIGHTMAP_OFF DYNAMICLIGHTMAP_OFF VERTEXLIGHT_ON ok=1
Cmd: compileSnippet
  api=1 type=1 insize=6810 outsize=263 kw=DIRECTIONAL SHADOWS_OFF LIGHTMAP_OFF DIRLIGHTMAP_OFF DYNAMICLIGHTMAP_OFF ok=1
Cmd: compileSnippet
  api=8 type=1 insize=6810 outsize=2665 kw=DIRECTIONAL SHADOWS_SCREEN SHADOWS_NATIVE LIGHTMAP_OFF DIRLIGHTMAP_OFF DYNAMICLIGHTMAP_OFF ok=1
Cmd: compileSnippet
  api=1 type=0 insize=3647 outsize=339 kw=POINT ok=1
Cmd: compileSnippet
  api=1 type=0 insize=3647 outsize=339 kw=SPOT ok=1
Cmd: compileSnippet
  api=1 type=0 insize=3647 outsize=339 kw=POINT_COOKIE ok=1
Cmd: compileSnippet
  api=1 type=0 insize=3647 outsize=339 kw=DIRECTIONAL_COOKIE ok=1
Cmd: compileSnippet
  api=1 type=1 insize=3647 outsize=428 kw=POINT ok=1
Cmd: compileSnippet
  api=8 type=1 insize=3647 outsize=1739 kw=DIRECTIONAL ok=1
Cmd: compileSnippet
  api=4 type=1 insize=3647 outsize=2135 kw=POINT_COOKIE ok=1
Cmd: compileSnippet
  api=4 type=1 insize=3647 outsize=1672 kw=DIRECTIONAL_COOKIE ok=1
Cmd: compileSnippet
  api=1 type=0 insize=2805 outsize=293 kw= ok=1
Cmd: compileSnippet
  api=1 type=1 insize=2805 outsize=106 kw= ok=1
Cmd: compileSnippet
  api=1 type=0 insize=5995 outsize=707 kw=LIGHTMAP_OFF DIRLIGHTMAP_OFF DYNAMICLIGHTMAP_OFF HDR_LIGHT_PREPASS_OFF ok=1
Cmd: compileSnippet
  api=8 type=0 insize=5995 outsize=5826 kw=LIGHTMAP_OFF DIRLIGHTMAP_OFF DYNAMICLIGHTMAP_OFF UNITY_HDR_ON ok=1
Cmd: compileSnippet
  api=1 type=1 insize=5995 outsize=267 kw=LIGHTMAP_OFF DIRLIGHTMAP_OFF DYNAMICLIGHTMAP_OFF HDR_LIGHT_PREPASS_OFF ok=1
Cmd: compileSnippet
  api=4 type=1 insize=5995 outsize=1314 kw=LIGHTMAP_OFF DIRLIGHTMAP_OFF DYNAMICLIGHTMAP_OFF UNITY_HDR_ON ok=1
Cmd: compileSnippet
  api=1 type=0 insize=5928 outsize=595 kw=LIGHTMAP_OFF DIRLIGHTMAP_OFF DYNAMICLIGHTMAP_OFF HDR_LIGHT_PREPASS_OFF ok=1
Cmd: compileSnippet
  api=4 type=0 insize=5928 outsize=3801 kw=LIGHTMAP_OFF DIRLIGHTMAP_OFF DYNAMICLIGHTMAP_OFF UNITY_HDR_ON ok=1
Cmd: compileSnippet
  api=1 type=1 insize=5928 outsize=355 kw=LIGHTMAP_OFF DIRLIGHTMAP_OFF DYNAMICLIGHTMAP_OFF HDR_LIGHT_PREPASS_OFF ok=1
Cmd: compileSnippet
  api=4 type=1 insize=5928 outsize=1599 kw=LIGHTMAP_OFF DIRLIGHTMAP_OFF DYNAMICLIGHTMAP_OFF UNITY_HDR_ON ok=1
Cmd: compileSnippet
  api=1 type=0 insize=1275 outsize=441 kw=POINT SHADOWS_OFF ok=1
Cmd: compileSnippet
  api=4 type=0 insize=1275 outsize=1956 kw=SPOT SHADOWS_OFF ok=1
Cmd: compileSnippet
  api=4 type=0 insize=1275 outsize=1956 kw=DIRECTIONAL_COOKIE SHADOWS_OFF ok=1
Cmd: compileSnippet
  api=4 type=0 insize=1275 outsize=1956 kw=DIRECTIONAL SHADOWS_SCREEN ok=1
Cmd: compileSnippet
  api=4 type=0 insize=1275 outsize=1956 kw=POINT_COOKIE SHADOWS_CUBE ok=1
Cmd: compileSnippet
  api=1 type=0 insize=1275 outsize=441 kw=POINT_COOKIE SHADOWS_CUBE SHADOWS_SOFT ok=1
Cmd: compileSnippet
  api=1 type=1 insize=1275 outsize=1442 kw=POINT SHADOWS_OFF ok=1
Cmd: compileSnippet
  api=1 type=1 insize=1275 outsize=1555 kw=POINT_COOKIE SHADOWS_OFF ok=1
Cmd: compileSnippet
  api=1 type=1 insize=1275 outsize=1777 kw=SPOT SHADOWS_DEPTH SHADOWS_NATIVE ok=1
Cmd: compileSnippet
  api=4 type=1 insize=1275 outsize=4865 kw=DIRECTIONAL_COOKIE SHADOWS_SCREEN ok=1
Cmd: compileSnippet
  api=4 type=1 insize=1275 outsize=5515 kw=POINT_COOKIE SHADOWS_CUBE ok=1
Cmd: compileSnippet
  api=4 type=1 insize=1275 outsize=5808 kw=POINT SHADOWS_CUBE SHADOWS_SOFT ok=1
Cmd: compileSnippet
  api=1 type=0 insize=1268 outsize=441 kw=POINT SHADOWS_OFF ok=1
Cmd: compileSnippet
  api=1 type=0 insize=1268 outsize=441 kw=SPOT SHADOWS_OFF ok=1
Cmd: compileSnippet
  api=1 type=0 insize=1268 outsize=441 kw=DIRECTIONAL_COOKIE SHADOWS_OFF ok=1
Cmd: compileSnippet
  api=1 type=0 insize=1268 outsize=441 kw=SPOT SHADOWS_DEPTH SHADOWS_NATIVE ok=1
Cmd: compileSnippet
  api=1 type=0 insize=1268 outsize=441 kw=DIRECTIONAL_COOKIE SHADOWS_SCREEN ok=1
Cmd: compileSnippet
  api=4 type=0 insize=1268 outsize=1956 kw=POINT SHADOWS_CUBE ok=1
Cmd: compileSnippet
  api=4 type=0 insize=1268 outsize=1956 kw=SPOT SHADOWS_DEPTH SHADOWS_SOFT SHADOWS_NATIVE ok=1
Cmd: compileSnippet
  api=1 type=1 insize=1268 outsize=1363 kw=POINT SHADOWS_OFF ok=1
Cmd: compileSnippet
  api=4 type=1 insize=1268 outsize=5158 kw=SPOT SHADOWS_OFF ok=1
Cmd: compileSnippet
  api=4 type=1 insize=1268 outsize=6011 kw=SPOT SHADOWS_DEPTH SHADOWS_NATIVE ok=1
Cmd: compileSnippet
  api=4 type=1 insize=1268 outsize=4816 kw=DIRECTIONAL_COOKIE SHADOWS_SCREEN ok=1
Cmd: compileSnippet
  api=4 type=1 insize=1268 outsize=5466 kw=POINT_COOKIE SHADOWS_CUBE ok=1
Cmd: compileSnippet
  api=4 type=1 insize=1268 outsize=5759 kw=POINT SHADOWS_CUBE SHADOWS_SOFT ok=1
Cmd: compileSnippet
  api=1 type=0 insize=1273 outsize=441 kw=POINT SHADOWS_OFF ok=1
Cmd: compileSnippet
  api=1 type=0 insize=1273 outsize=441 kw=SPOT SHADOWS_OFF ok=1
Cmd: compileSnippet
  api=1 type=0 insize=1273 outsize=441 kw=DIRECTIONAL_COOKIE SHADOWS_OFF ok=1
Cmd: compileSnippet
  api=1 type=0 insize=1273 outsize=441 kw=DIRECTIONAL SHADOWS_SCREEN ok=1
Cmd: compileSnippet
  api=1 type=0 insize=1273 outsize=441 kw=DIRECTIONAL_COOKIE SHADOWS_SCREEN ok=1
Cmd: compileSnippet
  api=1 type=0 insize=1273 outsize=441 kw=POINT_COOKIE SHADOWS_CUBE ok=1
Cmd: compileSnippet
  api=1 type=0 insize=1273 outsize=441 kw=POINT SHADOWS_CUBE SHADOWS_SOFT ok=1
Cmd: compileSnippet
  api=4 type=0 insize=1273 outsize=1956 kw=POINT_COOKIE SHADOWS_CUBE SHADOWS_SOFT ok=1
Cmd: compileSnippet
  api=1 type=1 insize=1273 outsize=1358 kw=POINT SHADOWS_OFF ok=1
Cmd: compileSnippet
  api=4 type=1 insize=1273 outsize=5158 kw=SPOT SHADOWS_OFF ok=1
Cmd: compileSnippet
  api=1 type=1 insize=1273 outsize=1703 kw=SPOT SHADOWS_DEPTH SHADOWS_NATIVE ok=1
Cmd: compileSnippet
  api=1 type=1 insize=1273 outsize=1377 kw=DIRECTIONAL_COOKIE SHADOWS_SCREEN ok=1
Cmd: compileSnippet
  api=4 type=1 insize=1273 outsize=4954 kw=POINT SHADOWS_CUBE ok=1
Cmd: compileSnippet
  api=4 type=1 insize=1273 outsize=6620 kw=SPOT SHADOWS_DEPTH SHADOWS_SOFT SHADOWS_NATIVE ok=1
Cmd: compileSnippet
  api=1 type=0 insize=1934 outsize=441 kw=POINT SHADOWS_OFF ok=1
Cmd: compileSnippet
  api=4 type=0 insize=1934 outsize=1956 kw=POINT_COOKIE SHADOWS_OFF ok=1
Cmd: compileSnippet
  api=1 type=0 insize=1934 outsize=441 kw=DIRECTIONAL SHADOWS_SCREEN ok=1
Cmd: compileSnippet
  api=4 type=0 insize=1934 outsize=1956 kw=DIRECTIONAL_COOKIE SHADOWS_SCREEN ok=1
Cmd: compileSnippet
  api=1 type=0 insize=1934 outsize=441 kw=SPOT SHADOWS_DEPTH SHADOWS_SOFT SHADOWS_NATIVE ok=1
Cmd: compileSnippet
  api=4 type=0 insize=1934 outsize=1956 kw=POINT SHADOWS_CUBE SHADOWS_SOFT ok=1
Cmd: compileSnippet
  api=1 type=0 insize=1934 outsize=441 kw=DIRECTIONAL SHADOWS_OFF UNITY_HDR_ON ok=1
Cmd: compileSnippet
  api=4 type=0 insize=1934 outsize=1956 kw=SPOT SHADOWS_OFF UNITY_HDR_ON ok=1
Cmd: compileSnippet
  api=4 type=0 insize=1934 outsize=1956 kw=DIRECTIONAL_COOKIE SHADOWS_OFF UNITY_HDR_ON ok=1
Cmd: compileSnippet
  api=4 type=0 insize=1934 outsize=1956 kw=DIRECTIONAL SHADOWS_SCREEN UNITY_HDR_ON ok=1
Cmd: compileSnippet
  api=4 type=0 insize=1934 outsize=1956 kw=POINT SHADOWS_CUBE UNITY_HDR_ON ok=1
Cmd: compileSnippet
  api=1 type=0 insize=1934 outsize=441 kw=SPOT SHADOWS_DEPTH SHADOWS_SOFT SHADOWS_NATIVE UNITY_HDR_ON ok=1
Cmd: compileSnippet
  api=1 type=0 insize=1934 outsize=441 kw=POINT_COOKIE SHADOWS_CUBE SHADOWS_SOFT UNITY_HDR_ON ok=1
Cmd: compileSnippet
  api=1 type=1 insize=1934 outsize=2312 kw=POINT SHADOWS_OFF ok=1
Cmd: compileSnippet
  api=1 type=1 insize=1934 outsize=2485 kw=POINT_COOKIE SHADOWS_OFF ok=1
Cmd: compileSnippet
  api=1 type=1 insize=1934 outsize=2865 kw=SPOT SHADOWS_DEPTH SHADOWS_NATIVE ok=1
Cmd: compileSnippet
  api=4 type=1 insize=1934 outsize=7303 kw=DIRECTIONAL_COOKIE SHADOWS_SCREEN ok=1
Cmd: compileSnippet
  api=4 type=1 insize=1934 outsize=7636 kw=POINT_COOKIE SHADOWS_CUBE ok=1
Cmd: compileSnippet
  api=4 type=1 insize=1934 outsize=7888 kw=POINT SHADOWS_CUBE SHADOWS_SOFT ok=1
Cmd: compileSnippet
  api=1 type=1 insize=1934 outsize=2250 kw=POINT SHADOWS_OFF UNITY_HDR_ON ok=1
Cmd: compileSnippet
  api=1 type=1 insize=1934 outsize=2443 kw=SPOT SHADOWS_OFF UNITY_HDR_ON ok=1
Cmd: compileSnippet
  api=1 type=1 insize=1934 outsize=2245 kw=DIRECTIONAL_COOKIE SHADOWS_OFF UNITY_HDR_ON ok=1
Cmd: compileSnippet
  api=1 type=1 insize=1934 outsize=2445 kw=DIRECTIONAL SHADOWS_SCREEN UNITY_HDR_ON ok=1
Cmd: compileSnippet
  api=1 type=1 insize=1934 outsize=2534 kw=DIRECTIONAL_COOKIE SHADOWS_SCREEN UNITY_HDR_ON ok=1
Cmd: compileSnippet
  api=1 type=1 insize=1934 outsize=2593 kw=POINT_COOKIE SHADOWS_CUBE UNITY_HDR_ON ok=1
Cmd: compileSnippet
  api=4 type=1 insize=1934 outsize=9098 kw=SPOT SHADOWS_DEPTH SHADOWS_SOFT SHADOWS_NATIVE UNITY_HDR_ON ok=1
Cmd: compileSnippet
  api=1 type=0 insize=683 outsize=157 kw= ok=1
Cmd: compileSnippet
  api=1 type=1 insize=683 outsize=142 kw= ok=1
Cmd: compileSnippet
  api=1 type=0 insize=1051 outsize=240 kw= ok=1
Cmd: compileSnippet
  api=1 type=1 insize=1051 outsize=159 kw= ok=1
Cmd: compileSnippet
  api=1 type=0 insize=1089 outsize=253 kw= ok=1
Cmd: compileSnippet
  api=1 type=1 insize=1089 outsize=180 kw= ok=1
Cmd: compileSnippet
  api=1 type=0 insize=6638 outsize=151 kw= ok=1
Cmd: compileSnippet
  api=1 type=1 insize=6638 outsize=9282 kw= ok=1
Cmd: compileSnippet
  api=1 type=0 insize=6638 outsize=128 kw= ok=1
Cmd: compileSnippet
  api=1 type=1 insize=6638 outsize=106 kw= ok=1
Cmd: compileSnippet
  api=1 type=0 insize=701 outsize=151 kw= ok=1
Cmd: compileSnippet
  api=1 type=1 insize=701 outsize=98 kw= ok=1
Cmd: compileSnippet
  api=1 type=0 insize=701 outsize=128 kw= ok=1
Cmd: compileSnippet
  api=1 type=1 insize=701 outsize=100 kw= ok=1
Cmd: compileSnippet
  api=1 type=0 insize=1032 outsize=159 kw= ok=1
Cmd: compileSnippet
  api=1 type=1 insize=1032 outsize=346 kw= ok=1
Cmd: compileSnippet
  api=1 type=0 insize=1032 outsize=132 kw= ok=1
Cmd: compileSnippet
  api=1 type=1 insize=1032 outsize=350 kw= ok=1
Cmd: compileSnippet
  api=4 type=0 insize=1482 outsize=1290 kw=SOFTPARTICLES_OFF ok=1
Cmd: compileSnippet
  api=4 type=1 insize=1482 outsize=827 kw=SOFTPARTICLES_OFF ok=1
Cmd: compileSnippet
  api=4 type=0 insize=751 outsize=3776 kw=SHADOWS_DEPTH _ALPHAPREMULTIPLY_ON ok=1
Cmd: compileSnippet
  api=4 type=1 insize=751 outsize=1233 kw=SHADOWS_DEPTH _ALPHAPREMULTIPLY_ON ok=1
Cmd: compileSnippet
  api=4 type=0 insize=982 outsize=3979 kw=DIRECTIONAL SHADOWS_OFF LIGHTMAP_OFF DIRLIGHTMAP_OFF DYNAMICLIGHTMAP_OFF _ALPHAPREMULTIPLY_ON ok=1
Cmd: compileSnippet
  api=4 type=1 insize=982 outsize=10650 kw=DIRECTIONAL SHADOWS_OFF LIGHTMAP_OFF DIRLIGHTMAP_OFF DYNAMICLIGHTMAP_OFF _ALPHAPREMULTIPLY_ON ok=1
Cmd: compileSnippet
  api=4 type=0 insize=938 outsize=4036 kw=DIRECTIONAL SHADOWS_OFF _ALPHAPREMULTIPLY_ON ok=1
Cmd: compileSnippet
  api=4 type=1 insize=938 outsize=5669 kw=DIRECTIONAL SHADOWS_OFF _ALPHAPREMULTIPLY_ON ok=1
Cmd: compileSnippet
  api=4 type=0 insize=577 outsize=3533 kw=SHADOWS_DEPTH ok=1
Cmd: compileSnippet
  api=4 type=1 insize=577 outsize=453 kw=SHADOWS_DEPTH ok=1
Cmd: compileSnippet
  api=4 type=0 insize=7080 outsize=4784 kw=DIRECTIONAL SHADOWS_OFF LIGHTMAP_OFF DIRLIGHTMAP_OFF DYNAMICLIGHTMAP_OFF ok=1
Cmd: compileSnippet
  api=4 type=1 insize=7080 outsize=1989 kw=DIRECTIONAL SHADOWS_OFF LIGHTMAP_OFF DIRLIGHTMAP_OFF DYNAMICLIGHTMAP_OFF ok=1
Cmd: compileSnippet
  api=4 type=0 insize=14306 outsize=3825 kw=DIRECTIONAL SHADOWS_OFF LIGHTMAP_OFF DIRLIGHTMAP_OFF DYNAMICLIGHTMAP_OFF ok=1
Cmd: compileSnippet
  api=4 type=1 insize=14306 outsize=1436 kw=DIRECTIONAL SHADOWS_OFF LIGHTMAP_OFF DIRLIGHTMAP_OFF DYNAMICLIGHTMAP_OFF ok=1
Cmd: compileSnippet
  api=4 type=0 insize=7914 outsize=2915 kw=DIRECTIONAL ok=1
Cmd: compileSnippet
  api=4 type=1 insize=7914 outsize=1290 kw=DIRECTIONAL ok=1
